{"/home/brendongwcloud/learnSpace/tests_aplications_Jest/src/lib/Calculator/calculator.ts": {"path":"/home/brendongwcloud/learnSpace/tests_aplications_Jest/src/lib/Calculator/calculator.ts","statementMap":{"0":{"start":{"line":3,"column":18},"end":{"line":3,"column":32}},"1":{"start":{"line":4,"column":18},"end":{"line":4,"column":32}},"2":{"start":{"line":6,"column":2},"end":{"line":8,"column":3}},"3":{"start":{"line":7,"column":4},"end":{"line":7,"column":50}},"4":{"start":{"line":9,"column":2},"end":{"line":9,"column":27}}},"fnMap":{"0":{"name":"Sum","decl":{"start":{"line":1,"column":16},"end":{"line":1,"column":19}},"loc":{"start":{"line":1,"column":42},"end":{"line":10,"column":1}},"line":1}},"branchMap":{"0":{"loc":{"start":{"line":6,"column":2},"end":{"line":8,"column":3}},"type":"if","locations":[{"start":{"line":6,"column":2},"end":{"line":8,"column":3}},{"start":{},"end":{}}],"line":6},"1":{"loc":{"start":{"line":6,"column":6},"end":{"line":6,"column":38}},"type":"binary-expr","locations":[{"start":{"line":6,"column":6},"end":{"line":6,"column":20}},{"start":{"line":6,"column":24},"end":{"line":6,"column":38}}],"line":6}},"s":{"0":8,"1":8,"2":8,"3":6,"4":2},"f":{"0":8},"b":{"0":[6,2],"1":[8,4]},"_coverageSchema":"1a1c01bbd47fc00a2c39e90264f33305004495a9","hash":"d5bc61b98a24d048d0f06cc39a4605c1883a147e"}
,"/home/brendongwcloud/learnSpace/tests_aplications_Jest/src/lib/Cart/Cart.js": {"path":"/home/brendongwcloud/learnSpace/tests_aplications_Jest/src/lib/Cart/Cart.js","statementMap":{"0":{"start":{"line":4,"column":2},"end":{"line":6,"column":3}},"1":{"start":{"line":5,"column":4},"end":{"line":5,"column":56}},"2":{"start":{"line":7,"column":2},"end":{"line":7,"column":30}},"3":{"start":{"line":11,"column":17},"end":{"line":11,"column":40}},"4":{"start":{"line":12,"column":2},"end":{"line":14,"column":3}},"5":{"start":{"line":13,"column":4},"end":{"line":13,"column":47}},"6":{"start":{"line":15,"column":2},"end":{"line":15,"column":30}},"7":{"start":{"line":19,"column":15},"end":{"line":19,"column":65}},"8":{"start":{"line":20,"column":27},"end":{"line":34,"column":26}},"9":{"start":{"line":22,"column":6},"end":{"line":32,"column":7}},"10":{"start":{"line":23,"column":8},"end":{"line":26,"column":23}},"11":{"start":{"line":27,"column":13},"end":{"line":32,"column":7}},"12":{"start":{"line":28,"column":8},"end":{"line":31,"column":23}},"13":{"start":{"line":34,"column":20},"end":{"line":34,"column":25}},"14":{"start":{"line":35,"column":2},"end":{"line":35,"column":43}},"15":{"start":{"line":38,"column":14},"end":{"line":38,"column":20}},"16":{"start":{"line":40,"column":0},"end":{"line":40,"column":30}},"17":{"start":{"line":41,"column":0},"end":{"line":41,"column":27}},"18":{"start":{"line":44,"column":10},"end":{"line":44,"column":12}},"19":{"start":{"line":47,"column":4},"end":{"line":51,"column":7}},"20":{"start":{"line":48,"column":6},"end":{"line":50,"column":7}},"21":{"start":{"line":49,"column":8},"end":{"line":49,"column":33}},"22":{"start":{"line":52,"column":4},"end":{"line":52,"column":26}},"23":{"start":{"line":56,"column":4},"end":{"line":60,"column":7}},"24":{"start":{"line":57,"column":6},"end":{"line":59,"column":7}},"25":{"start":{"line":58,"column":8},"end":{"line":58,"column":33}},"26":{"start":{"line":64,"column":4},"end":{"line":73,"column":19}},"27":{"start":{"line":66,"column":23},"end":{"line":66,"column":76}},"28":{"start":{"line":67,"column":23},"end":{"line":67,"column":43}},"29":{"start":{"line":68,"column":8},"end":{"line":70,"column":9}},"30":{"start":{"line":69,"column":10},"end":{"line":69,"column":78}},"31":{"start":{"line":71,"column":8},"end":{"line":71,"column":50}},"32":{"start":{"line":77,"column":18},"end":{"line":77,"column":33}},"33":{"start":{"line":78,"column":18},"end":{"line":78,"column":28}},"34":{"start":{"line":80,"column":4},"end":{"line":80,"column":28}},"35":{"start":{"line":84,"column":29},"end":{"line":84,"column":42}},"36":{"start":{"line":86,"column":4},"end":{"line":86,"column":20}},"37":{"start":{"line":88,"column":4},"end":{"line":91,"column":6}}},"fnMap":{"0":{"name":"calculatePercentageDiscount","decl":{"start":{"line":3,"column":9},"end":{"line":3,"column":36}},"loc":{"start":{"line":3,"column":51},"end":{"line":8,"column":1}},"line":3},"1":{"name":"calculateQuantityDiscount","decl":{"start":{"line":10,"column":9},"end":{"line":10,"column":34}},"loc":{"start":{"line":10,"column":49},"end":{"line":16,"column":1}},"line":10},"2":{"name":"calculateDiscount","decl":{"start":{"line":18,"column":9},"end":{"line":18,"column":26}},"loc":{"start":{"line":18,"column":56},"end":{"line":36,"column":1}},"line":18},"3":{"name":"(anonymous_3)","decl":{"start":{"line":21,"column":9},"end":{"line":21,"column":10}},"loc":{"start":{"line":21,"column":19},"end":{"line":33,"column":5}},"line":21},"4":{"name":"(anonymous_4)","decl":{"start":{"line":34,"column":10},"end":{"line":34,"column":11}},"loc":{"start":{"line":34,"column":20},"end":{"line":34,"column":25}},"line":34},"5":{"name":"(anonymous_5)","decl":{"start":{"line":46,"column":2},"end":{"line":46,"column":3}},"loc":{"start":{"line":46,"column":12},"end":{"line":53,"column":3}},"line":46},"6":{"name":"(anonymous_6)","decl":{"start":{"line":47,"column":20},"end":{"line":47,"column":21}},"loc":{"start":{"line":47,"column":40},"end":{"line":51,"column":5}},"line":47},"7":{"name":"(anonymous_7)","decl":{"start":{"line":55,"column":2},"end":{"line":55,"column":3}},"loc":{"start":{"line":55,"column":18},"end":{"line":61,"column":3}},"line":55},"8":{"name":"(anonymous_8)","decl":{"start":{"line":56,"column":20},"end":{"line":56,"column":21}},"loc":{"start":{"line":56,"column":40},"end":{"line":60,"column":5}},"line":56},"9":{"name":"(anonymous_9)","decl":{"start":{"line":63,"column":2},"end":{"line":63,"column":3}},"loc":{"start":{"line":63,"column":13},"end":{"line":74,"column":3}},"line":63},"10":{"name":"(anonymous_10)","decl":{"start":{"line":65,"column":14},"end":{"line":65,"column":15}},"loc":{"start":{"line":65,"column":29},"end":{"line":72,"column":7}},"line":65},"11":{"name":"(anonymous_11)","decl":{"start":{"line":76,"column":2},"end":{"line":76,"column":3}},"loc":{"start":{"line":76,"column":11},"end":{"line":81,"column":3}},"line":76},"12":{"name":"(anonymous_12)","decl":{"start":{"line":83,"column":2},"end":{"line":83,"column":3}},"loc":{"start":{"line":83,"column":13},"end":{"line":92,"column":3}},"line":83}},"branchMap":{"0":{"loc":{"start":{"line":4,"column":2},"end":{"line":6,"column":3}},"type":"if","locations":[{"start":{"line":4,"column":2},"end":{"line":6,"column":3}},{"start":{},"end":{}}],"line":4},"1":{"loc":{"start":{"line":4,"column":6},"end":{"line":4,"column":74}},"type":"binary-expr","locations":[{"start":{"line":4,"column":6},"end":{"line":4,"column":32}},{"start":{"line":4,"column":36},"end":{"line":4,"column":74}}],"line":4},"2":{"loc":{"start":{"line":12,"column":2},"end":{"line":14,"column":3}},"type":"if","locations":[{"start":{"line":12,"column":2},"end":{"line":14,"column":3}},{"start":{},"end":{}}],"line":12},"3":{"loc":{"start":{"line":12,"column":6},"end":{"line":12,"column":74}},"type":"binary-expr","locations":[{"start":{"line":12,"column":6},"end":{"line":12,"column":30}},{"start":{"line":12,"column":34},"end":{"line":12,"column":74}}],"line":12},"4":{"loc":{"start":{"line":13,"column":29},"end":{"line":13,"column":45}},"type":"cond-expr","locations":[{"start":{"line":13,"column":38},"end":{"line":13,"column":40}},{"start":{"line":13,"column":43},"end":{"line":13,"column":45}}],"line":13},"5":{"loc":{"start":{"line":19,"column":15},"end":{"line":19,"column":65}},"type":"cond-expr","locations":[{"start":{"line":19,"column":42},"end":{"line":19,"column":51}},{"start":{"line":19,"column":54},"end":{"line":19,"column":65}}],"line":19},"6":{"loc":{"start":{"line":22,"column":6},"end":{"line":32,"column":7}},"type":"if","locations":[{"start":{"line":22,"column":6},"end":{"line":32,"column":7}},{"start":{"line":27,"column":13},"end":{"line":32,"column":7}}],"line":22},"7":{"loc":{"start":{"line":27,"column":13},"end":{"line":32,"column":7}},"type":"if","locations":[{"start":{"line":27,"column":13},"end":{"line":32,"column":7}},{"start":{},"end":{}}],"line":27},"8":{"loc":{"start":{"line":48,"column":6},"end":{"line":50,"column":7}},"type":"if","locations":[{"start":{"line":48,"column":6},"end":{"line":50,"column":7}},{"start":{},"end":{}}],"line":48},"9":{"loc":{"start":{"line":57,"column":6},"end":{"line":59,"column":7}},"type":"if","locations":[{"start":{"line":57,"column":6},"end":{"line":59,"column":7}},{"start":{},"end":{}}],"line":57},"10":{"loc":{"start":{"line":68,"column":8},"end":{"line":70,"column":9}},"type":"if","locations":[{"start":{"line":68,"column":8},"end":{"line":70,"column":9}},{"start":{},"end":{}}],"line":68}},"s":{"0":3,"1":2,"2":1,"3":4,"4":4,"5":3,"6":1,"7":6,"8":6,"9":7,"10":3,"11":4,"12":4,"13":1,"14":6,"15":1,"16":1,"17":1,"18":13,"19":16,"20":4,"21":1,"22":16,"23":1,"24":2,"25":1,"26":15,"27":16,"28":16,"29":16,"30":6,"31":16,"32":3,"33":3,"34":3,"35":2,"36":2,"37":2},"f":{"0":3,"1":4,"2":6,"3":7,"4":1,"5":16,"6":4,"7":1,"8":2,"9":15,"10":16,"11":3,"12":2},"b":{"0":[2,1],"1":[3,3],"2":[3,1],"3":[4,4],"4":[1,2],"5":[1,5],"6":[3,4],"7":[4,0],"8":[1,3],"9":[1,1],"10":[6,10]},"_coverageSchema":"1a1c01bbd47fc00a2c39e90264f33305004495a9","hash":"d328ead6256eca2a87e2bda1aade35a0970a8c6a"}
,"/home/brendongwcloud/learnSpace/tests_aplications_Jest/src/lib/QueryString/queryString.ts": {"path":"/home/brendongwcloud/learnSpace/tests_aplications_Jest/src/lib/QueryString/queryString.ts","statementMap":{"0":{"start":{"line":1,"column":25},"end":{"line":6,"column":1}},"1":{"start":{"line":2,"column":2},"end":{"line":4,"column":3}},"2":{"start":{"line":3,"column":4},"end":{"line":3,"column":48}},"3":{"start":{"line":5,"column":2},"end":{"line":5,"column":27}},"4":{"start":{"line":9,"column":2},"end":{"line":11,"column":3}},"5":{"start":{"line":10,"column":4},"end":{"line":10,"column":39}},"6":{"start":{"line":12,"column":2},"end":{"line":14,"column":15}},"7":{"start":{"line":18,"column":2},"end":{"line":26,"column":4}},"8":{"start":{"line":22,"column":8},"end":{"line":24,"column":75}},"9":{"start":{"line":24,"column":27},"end":{"line":24,"column":73}}},"fnMap":{"0":{"name":"(anonymous_0)","decl":{"start":{"line":1,"column":25},"end":{"line":1,"column":26}},"loc":{"start":{"line":1,"column":43},"end":{"line":6,"column":1}},"line":1},"1":{"name":"queryString","decl":{"start":{"line":8,"column":16},"end":{"line":8,"column":27}},"loc":{"start":{"line":8,"column":44},"end":{"line":15,"column":1}},"line":8},"2":{"name":"parse","decl":{"start":{"line":17,"column":16},"end":{"line":17,"column":21}},"loc":{"start":{"line":17,"column":38},"end":{"line":27,"column":1}},"line":17},"3":{"name":"(anonymous_3)","decl":{"start":{"line":21,"column":11},"end":{"line":21,"column":12}},"loc":{"start":{"line":22,"column":8},"end":{"line":24,"column":75}},"line":22},"4":{"name":"(anonymous_4)","decl":{"start":{"line":24,"column":15},"end":{"line":24,"column":16}},"loc":{"start":{"line":24,"column":27},"end":{"line":24,"column":73}},"line":24}},"branchMap":{"0":{"loc":{"start":{"line":2,"column":2},"end":{"line":4,"column":3}},"type":"if","locations":[{"start":{"line":2,"column":2},"end":{"line":4,"column":3}},{"start":{},"end":{}}],"line":2},"1":{"loc":{"start":{"line":2,"column":6},"end":{"line":2,"column":56}},"type":"binary-expr","locations":[{"start":{"line":2,"column":6},"end":{"line":2,"column":31}},{"start":{"line":2,"column":35},"end":{"line":2,"column":56}}],"line":2},"2":{"loc":{"start":{"line":9,"column":2},"end":{"line":11,"column":3}},"type":"if","locations":[{"start":{"line":9,"column":2},"end":{"line":11,"column":3}},{"start":{},"end":{}}],"line":9},"3":{"loc":{"start":{"line":24,"column":27},"end":{"line":24,"column":73}},"type":"cond-expr","locations":[{"start":{"line":24,"column":49},"end":{"line":24,"column":65}},{"start":{"line":24,"column":68},"end":{"line":24,"column":73}}],"line":24}},"s":{"0":1,"1":6,"2":1,"3":5,"4":4,"5":1,"6":3,"7":3,"8":5,"9":10},"f":{"0":6,"1":4,"2":3,"3":5,"4":10},"b":{"0":[1,5],"1":[6,2],"2":[1,3],"3":[1,9]},"_coverageSchema":"1a1c01bbd47fc00a2c39e90264f33305004495a9","hash":"79dd4e34106d2fd6a2acfab71ecdf9f70a731fc7"}
}
