TN:
SF:src/lib/Calculator/calculator.ts
FN:1,Sum
FNF:1
FNH:1
FNDA:8,Sum
DA:3,8
DA:4,8
DA:6,8
DA:7,6
DA:9,2
LF:5
LH:5
BRDA:6,0,0,6
BRDA:6,0,1,2
BRDA:6,1,0,8
BRDA:6,1,1,4
BRF:4
BRH:4
end_of_record
TN:
SF:src/lib/Cart/Cart.js
FN:3,calculatePercentageDiscount
FN:10,calculateQuantityDiscount
FN:18,calculateDiscount
FN:21,(anonymous_3)
FN:34,(anonymous_4)
FN:46,(anonymous_5)
FN:47,(anonymous_6)
FN:55,(anonymous_7)
FN:56,(anonymous_8)
FN:63,(anonymous_9)
FN:65,(anonymous_10)
FN:76,(anonymous_11)
FN:83,(anonymous_12)
FNF:13
FNH:13
FNDA:3,calculatePercentageDiscount
FNDA:4,calculateQuantityDiscount
FNDA:6,calculateDiscount
FNDA:7,(anonymous_3)
FNDA:1,(anonymous_4)
FNDA:16,(anonymous_5)
FNDA:4,(anonymous_6)
FNDA:1,(anonymous_7)
FNDA:2,(anonymous_8)
FNDA:15,(anonymous_9)
FNDA:16,(anonymous_10)
FNDA:3,(anonymous_11)
FNDA:2,(anonymous_12)
DA:4,3
DA:5,2
DA:7,1
DA:11,4
DA:12,4
DA:13,3
DA:15,1
DA:19,6
DA:20,6
DA:22,7
DA:23,3
DA:27,4
DA:28,4
DA:34,1
DA:35,6
DA:38,1
DA:40,1
DA:41,1
DA:44,13
DA:47,16
DA:48,4
DA:49,1
DA:52,16
DA:56,1
DA:57,2
DA:58,1
DA:64,15
DA:66,16
DA:67,16
DA:68,16
DA:69,6
DA:71,16
DA:77,3
DA:78,3
DA:80,3
DA:84,2
DA:86,2
DA:88,2
LF:38
LH:38
BRDA:4,0,0,2
BRDA:4,0,1,1
BRDA:4,1,0,3
BRDA:4,1,1,3
BRDA:12,2,0,3
BRDA:12,2,1,1
BRDA:12,3,0,4
BRDA:12,3,1,4
BRDA:13,4,0,1
BRDA:13,4,1,2
BRDA:19,5,0,1
BRDA:19,5,1,5
BRDA:22,6,0,3
BRDA:22,6,1,4
BRDA:27,7,0,4
BRDA:27,7,1,0
BRDA:48,8,0,1
BRDA:48,8,1,3
BRDA:57,9,0,1
BRDA:57,9,1,1
BRDA:68,10,0,6
BRDA:68,10,1,10
BRF:22
BRH:21
end_of_record
TN:
SF:src/lib/QueryString/queryString.ts
FN:1,(anonymous_0)
FN:8,queryString
FN:17,parse
FN:21,(anonymous_3)
FN:24,(anonymous_4)
FNF:5
FNH:5
FNDA:6,(anonymous_0)
FNDA:4,queryString
FNDA:3,parse
FNDA:5,(anonymous_3)
FNDA:10,(anonymous_4)
DA:1,1
DA:2,6
DA:3,1
DA:5,5
DA:9,4
DA:10,1
DA:12,3
DA:18,3
DA:22,5
DA:24,10
LF:10
LH:10
BRDA:2,0,0,1
BRDA:2,0,1,5
BRDA:2,1,0,6
BRDA:2,1,1,2
BRDA:9,2,0,1
BRDA:9,2,1,3
BRDA:24,3,0,1
BRDA:24,3,1,9
BRF:8
BRH:8
end_of_record
